#
# There is insufficient memory for the Java Runtime Environment to continue.
# Native memory allocation (malloc) failed to allocate 4088 bytes for char in c:\build_area\jdk6_27\hotspot\src\share\vm\utilities/stack.inline.hpp
# Possible reasons:
#   The system is out of physical RAM or swap space
#   In 32 bit mode, the process size limit was hit
# Possible solutions:
#   Reduce memory load on the system
#   Increase physical memory or swap space
#   Check if swap backing store is full
#   Use 64 bit Java on a 64 bit OS
#   Decrease Java heap size (-Xmx/-Xms)
#   Decrease number of Java threads
#   Decrease Java thread stack sizes (-Xss)
#   Set larger code cache with -XX:ReservedCodeCacheSize=
# This output file may be truncated or incomplete.
#
#  Out of Memory Error (memory/allocation.inline.hpp:44), pid=109080, tid=108336
#
# JRE version: 6.0_27-b07
# Java VM: Java HotSpot(TM) 64-Bit Server VM (20.2-b06 mixed mode windows-amd64 compressed oops)

---------------  T H R E A D  ---------------

Current thread (0x000000000640c000):  VMThread [stack: 0x0000000006af0000,0x0000000006bf0000] [id=108336]

Stack: [0x0000000006af0000,0x0000000006bf0000]
VM_Operation (0x00000000082eea40): ParallelGCFailedAllocation, mode: safepoint, requested by thread 0x0000000007d98000


---------------  P R O C E S S  ---------------

Java Threads: ( => current thread )
  0x0000000007d98000 JavaThread "Thread-2" [_thread_blocked, id=77384, stack(0x00000000081f0000,0x00000000082f0000)]
  0x0000000007d40800 JavaThread "Thread-1" [_thread_blocked, id=110120, stack(0x00000000080f0000,0x00000000081f0000)]
  0x0000000007d3f800 JavaThread "Thread-0" [_thread_blocked, id=91496, stack(0x0000000007ff0000,0x00000000080f0000)]
  0x0000000006430000 JavaThread "Low Memory Detector" daemon [_thread_blocked, id=122392, stack(0x00000000071f0000,0x00000000072f0000)]
  0x0000000006426800 JavaThread "C2 CompilerThread1" daemon [_thread_blocked, id=120656, stack(0x00000000070f0000,0x00000000071f0000)]
  0x000000000641f800 JavaThread "C2 CompilerThread0" daemon [_thread_blocked, id=83704, stack(0x0000000006ff0000,0x00000000070f0000)]
  0x000000000641c000 JavaThread "Attach Listener" daemon [_thread_blocked, id=100404, stack(0x0000000006ef0000,0x0000000006ff0000)]
  0x0000000006415000 JavaThread "Signal Dispatcher" daemon [_thread_blocked, id=122064, stack(0x0000000006df0000,0x0000000006ef0000)]
  0x00000000003a6800 JavaThread "Finalizer" daemon [_thread_blocked, id=120612, stack(0x0000000006cf0000,0x0000000006df0000)]
  0x0000000006412000 JavaThread "Reference Handler" daemon [_thread_blocked, id=91700, stack(0x0000000006bf0000,0x0000000006cf0000)]
  0x00000000005ee800 JavaThread "main" [_thread_blocked, id=116872, stack(0x00000000027d0000,0x00000000028d0000)]

Other Threads:
=>0x000000000640c000 VMThread [stack: 0x0000000006af0000,0x0000000006bf0000] [id=108336]
  0x000000000647b000 WatcherThread [stack: 0x00000000072f0000,0x00000000073f0000] [id=100444]

VM state:at safepoint (normal execution)

VM Mutex/Monitor currently owned by a thread:  ([mutex/lock_event])
[0x0000000000338680] Threads_lock - owner thread: 0x000000000640c000
[0x0000000000338b80] Heap_lock - owner thread: 0x0000000007d98000

Heap
 PSYoungGen      total 459200K, used 229559K [0x00000007d5f60000, 0x0000000800000000, 0x0000000800000000)
  eden space 229632K, 0% used [0x00000007d5f60000,0x00000007d5f60000,0x00000007e3fa0000)
  from space 229568K, 99% used [0x00000007f1fd0000,0x00000007ffffdc10,0x0000000800000000)
  to   space 229568K, 0% used [0x00000007e3fa0000,0x00000007e3fa0000,0x00000007f1fd0000)
 PSOldGen        total 1377664K, used 1300255K [0x0000000781e00000, 0x00000007d5f60000, 0x00000007d5f60000)
  object space 1377664K, 94% used [0x0000000781e00000,0x00000007d13c7c20,0x00000007d5f60000)
 PSPermGen       total 21248K, used 4298K [0x000000077cc00000, 0x000000077e0c0000, 0x0000000781e00000)
  object space 21248K, 20% used [0x000000077cc00000,0x000000077d032908,0x000000077e0c0000)

Code Cache  [0x00000000028d0000, 0x0000000002b40000, 0x00000000058d0000)
 total_blobs=342 nmethods=158 adapters=137 free_code_cache=49351872 largest_free_block=6016

Dynamic libraries:
0x0000000000400000 - 0x000000000042e000 	C:\SW\SoftwareAG_BPMS\jvm\jvm160_64\bin\javaw.exe
0x00000000771b0000 - 0x0000000077359000 	C:\Windows\SYSTEM32\ntdll.dll
0x0000000076ad0000 - 0x0000000076bef000 	C:\Windows\system32\kernel32.dll
0x000007fefd8f0000 - 0x000007fefd95b000 	C:\Windows\system32\KERNELBASE.dll
0x000007feff3e0000 - 0x000007feff4bb000 	C:\Windows\system32\ADVAPI32.dll
0x000007feff080000 - 0x000007feff11f000 	C:\Windows\system32\msvcrt.dll
0x000007fefdde0000 - 0x000007fefddff000 	C:\Windows\SYSTEM32\sechost.dll
0x000007fefdc10000 - 0x000007fefdd3d000 	C:\Windows\system32\RPCRT4.dll
0x0000000076e00000 - 0x0000000076efa000 	C:\Windows\system32\USER32.dll
0x000007fefd9e0000 - 0x000007fefda47000 	C:\Windows\system32\GDI32.dll
0x000007fefe0c0000 - 0x000007fefe0ce000 	C:\Windows\system32\LPK.dll
0x000007feff310000 - 0x000007feff3d9000 	C:\Windows\system32\USP10.dll
0x000007fefdb40000 - 0x000007fefdb6e000 	C:\Windows\system32\IMM32.DLL
0x000007feff120000 - 0x000007feff229000 	C:\Windows\system32\MSCTF.dll
0x000007fefd5d0000 - 0x000007fefd60c000 	C:\Windows\system32\nvinitx.dll
0x000000000f000000 - 0x000000000f006000 	C:\Program Files\NVIDIA Corporation\CoProcManager\_etoured.dll
0x000007fef58b0000 - 0x000007fef58f4000 	C:\Program Files\NVIDIA Corporation\CoProcManager\nvd3d9wrapx.dll
0x000007fefde00000 - 0x000007fefdfd7000 	C:\Windows\system32\SETUPAPI.dll
0x000007fefd960000 - 0x000007fefd996000 	C:\Windows\system32\CFGMGR32.dll
0x000007feff230000 - 0x000007feff307000 	C:\Windows\system32\OLEAUT32.dll
0x000007fefee70000 - 0x000007feff073000 	C:\Windows\system32\ole32.dll
0x000007fefd6c0000 - 0x000007fefd6da000 	C:\Windows\system32\DEVOBJ.dll
0x000007fef5860000 - 0x000007fef58a2000 	C:\Program Files\NVIDIA Corporation\CoProcManager\nvdxgiwrapx.dll
0x000000006d890000 - 0x000000006e048000 	C:\SW\SoftwareAG_BPMS\jvm\jvm160_64\jre\bin\server\jvm.dll
0x000007fefaf90000 - 0x000007fefafcb000 	C:\Windows\system32\WINMM.dll
0x000000006d800000 - 0x000000006d80e000 	C:\SW\SoftwareAG_BPMS\jvm\jvm160_64\jre\bin\verify.dll
0x000000006d450000 - 0x000000006d477000 	C:\SW\SoftwareAG_BPMS\jvm\jvm160_64\jre\bin\java.dll
0x000000006d850000 - 0x000000006d862000 	C:\SW\SoftwareAG_BPMS\jvm\jvm160_64\jre\bin\zip.dll
0x0000000077380000 - 0x0000000077387000 	C:\Windows\system32\PSAPI.DLL

VM Arguments:
jvm_args: -Dfile.encoding=Cp1252 -Xbootclasspath/p:C:\SW\SoftwareAG_BPMS\eclipse\v36\configuration\org.eclipse.osgi\bundles\1007\1\.cp\lib\scala-library.jar;C:\SW\SoftwareAG_BPMS\eclipse\v36\configuration\org.eclipse.osgi\bundles\1007\1\.cp\lib\scala-swing.jar;C:\SW\SoftwareAG_BPMS\eclipse\v36\configuration\org.eclipse.osgi\bundles\1007\1\.cp\lib\scala-actors.jar;C:\SW\SoftwareAG_BPMS\eclipse\v36\configuration\org.eclipse.osgi\bundles\1006\1\.cp\lib\scala-reflect.jar 
java_command: com.shravan.velocity.VMMultiThreading
Launcher Type: SUN_STANDARD

Environment Variables:
JAVA_HOME=C:\Program Files\Java\jdk1.6.0_34
PATH=C:\Program Files (x86)\Heroku\ruby-1.9.2\bin;C:\SW\sbt\bin;C:\SCPP\git-scripts\ma-user-scripts;C:\SW\apache-maven-3.0.5\bin;C:\SW\glassfish3\bin;C:\SW\glassfish3\glassfish\binC:\apache-maven-3.0.4\bin;C:\RTC_Client\jazz\scmtools\eclipse;C:\SW\apache-ant-1.8.2\bin;C:\Program Files\Java\jdk1.6.0_34\bin;C:\Windows\system32;C:\Windows;C:\Windows\System32\Wbem;C:\Windows\System32\WindowsPowerShell\v1.0\;C:\SW\TortoiseHg\;C:\Program Files (x86)\Enterprise Vault\EVClient\;C:\SW\TortoiseGit\bin;C:\Program Files (x86)\Microsoft Application Virtualization Client;C:\Program Files (x86)\Heroku\bin;C:\Program Files (x86)\git\cmd
USERNAME=stalupula
OS=Windows_NT
PROCESSOR_IDENTIFIER=Intel64 Family 6 Model 42 Stepping 7, GenuineIntel



---------------  S Y S T E M  ---------------

OS: Windows 7 , 64 bit Build 7601 Service Pack 1

CPU:total 4 (2 cores per cpu, 2 threads per core) family 6 model 42 stepping 7, cmov, cx8, fxsr, mmx, sse, sse2, sse3, ssse3, sse4.1, sse4.2, popcnt, ht

Memory: 4k page, physical 8262712k(346228k free), swap 9343696k(5104k free)

vm_info: Java HotSpot(TM) 64-Bit Server VM (20.2-b06) for windows-amd64 JRE (1.6.0_27-b07), built on Jul 19 2011 01:08:22 by "java_re" with MS VC++ 8.0 (VS2005)

time: Fri Jul 19 17:00:28 2013
elapsed time: 12 seconds

